Arguments: 
  /usr/local/Cellar/node/14.9.0/bin/node /usr/local/Cellar/yarn/1.22.5/libexec/bin/yarn.js start:doc

PATH: 
  /usr/local/opt/fzf/bin:/Volumes/Data/Téléchargements/google-cloud-sdk/bin:/usr/local/bin:/usr/bin:/bin:/usr/sbin:/sbin:/Library/Apple/usr/bin:/usr/local/share/dotnet:~/.dotnet/tools:/Library/TeX/texbin

Yarn version: 
  1.22.5

Node version: 
  14.9.0

Platform: 
  darwin x64

Trace: 
  SyntaxError: /Volumes/Data/Projets/git-quest/package.json: Unexpected token } in JSON at position 591
      at JSON.parse (<anonymous>)
      at /usr/local/Cellar/yarn/1.22.5/libexec/lib/cli.js:1625:59
      at Generator.next (<anonymous>)
      at step (/usr/local/Cellar/yarn/1.22.5/libexec/lib/cli.js:310:30)
      at /usr/local/Cellar/yarn/1.22.5/libexec/lib/cli.js:321:13

npm manifest: 
  {
    "name": "git-quest",
    "version": "0.1.0",
    "description": "Discover git or sharpen your skills through quests",
    "author": "Jérémy Bardon",
    "homepage": "https://jbardon.github.io/git-quest",
    "repository": {
      "type": "git",
      "url": "https://github.com/jbardon/git-quest"
    },
    "bin": {
      "git-quest": "./src/bin/git-quest"
    },
    "main": "src/index.js",
    "scripts": {
      "build:cmd": "npm link",
      "start:doc": "gitbook serve --open",
      "build:doc:asciidoctor": "asciidoctor -D ./_asciidoc ./doc/**/*.adoc",
      "deploy:doc": "gitbook build && gh-pages -d _book",
    },
    "dependencies": {
      "colors": "^1.3.3",
      "commander": "^2.19.0",
      "loglevel": "^1.6.1",
      "opn": "^5.4.0",
      "readline-sync": "^1.4.9",
      "shelljs": "^0.8.3",
      "simple-git": "^1.107.0"
    },
    "devDependencies": {
      "gh-pages": "2.0.1",
      "gitbook-cli": "2.3.2"
    }
  }

yarn manifest: 
  No manifest

Lockfile: 
  No lockfile
